  [1m[36m (1.3ms)[0m  [1mCREATE TABLE "schema_migrations" ("version" varchar NOT NULL) [0m
  [1m[35m (0.0ms)[0m  select sqlite_version(*)
  [1m[36m (1.1ms)[0m  [1mCREATE UNIQUE INDEX "unique_schema_migrations" ON "schema_migrations" ("version")[0m
  [1m[35mActiveRecord::SchemaMigration Load (0.1ms)[0m  SELECT "schema_migrations".* FROM "schema_migrations"
  [1m[35m (10.0ms)[0m  [1m[35mCREATE TABLE "ar_internal_metadata" ("key" varchar NOT NULL PRIMARY KEY, "value" varchar, "created_at" datetime NOT NULL, "updated_at" datetime NOT NULL)[0m
  [1m[36mActiveRecord::SchemaMigration Load (0.2ms)[0m  [1m[34mSELECT "schema_migrations".* FROM "schema_migrations"[0m
Migrating to CreateArticles (20210104220514)
  [1m[35m (0.1ms)[0m  [1m[36mbegin transaction[0m
  [1m[35m (1.8ms)[0m  [1m[35mCREATE TABLE "articles" ("id" INTEGER PRIMARY KEY AUTOINCREMENT NOT NULL, "title" varchar, "body" text, "created_at" datetime NOT NULL, "updated_at" datetime NOT NULL)[0m
  [1m[35mSQL (0.2ms)[0m  [1m[32mINSERT INTO "schema_migrations" ("version") VALUES (?)[0m  [["version", "20210104220514"]]
  [1m[35m (7.4ms)[0m  [1m[36mcommit transaction[0m
  [1m[36mActiveRecord::InternalMetadata Load (0.2ms)[0m  [1m[34mSELECT  "ar_internal_metadata".* FROM "ar_internal_metadata" WHERE "ar_internal_metadata"."key" = ? LIMIT ?[0m  [["key", "environment"], ["LIMIT", 1]]
  [1m[35m (0.1ms)[0m  [1m[36mbegin transaction[0m
  [1m[35mSQL (1.2ms)[0m  [1m[32mINSERT INTO "ar_internal_metadata" ("key", "value", "created_at", "updated_at") VALUES (?, ?, ?, ?)[0m  [["key", "environment"], ["value", "development"], ["created_at", "2021-01-04 22:07:45.426774"], ["updated_at", "2021-01-04 22:07:45.426774"]]
  [1m[35m (8.5ms)[0m  [1m[36mcommit transaction[0m
  [1m[36mActiveRecord::SchemaMigration Load (0.3ms)[0m  [1m[34mSELECT "schema_migrations".* FROM "schema_migrations"[0m
Started GET "/" for 127.0.0.1 at 2021-01-04 15:08:24 -0700
  [1m[36mActiveRecord::SchemaMigration Load (0.2ms)[0m  [1m[34mSELECT "schema_migrations".* FROM "schema_migrations"[0m
Processing by Rails::WelcomeController#index as HTML
  Parameters: {"internal"=>true}
  Rendering /home/dom548/.rvm/gems/ruby-2.6.1/gems/railties-5.0.7.2/lib/rails/templates/rails/welcome/index.html.erb
  Rendered /home/dom548/.rvm/gems/ruby-2.6.1/gems/railties-5.0.7.2/lib/rails/templates/rails/welcome/index.html.erb (17.9ms)
Completed 200 OK in 121ms (Views: 75.8ms | ActiveRecord: 0.0ms)


Started GET "/articles" for 127.0.0.1 at 2021-01-04 15:08:32 -0700
Processing by ArticlesController#index as HTML
  Rendering articles/index.html.erb within layouts/application
  [1m[36mArticle Load (0.4ms)[0m  [1m[34mSELECT "articles".* FROM "articles"[0m
  Rendered articles/index.html.erb within layouts/application (22.2ms)
Completed 200 OK in 1338ms (Views: 1323.7ms | ActiveRecord: 1.2ms)


Started GET "/articles/new" for 127.0.0.1 at 2021-01-04 15:08:36 -0700
Processing by ArticlesController#new as HTML
  Rendering articles/new.html.erb within layouts/application
  Rendered articles/_form.html.erb (148.3ms)
  Rendered articles/new.html.erb within layouts/application (155.5ms)
Completed 200 OK in 260ms (Views: 247.9ms | ActiveRecord: 0.9ms)


Started POST "/articles" for 127.0.0.1 at 2021-01-04 15:09:28 -0700
Processing by ArticlesController#create as HTML
  Parameters: {"utf8"=>"✓", "authenticity_token"=>"DnAwYHCQwtCl4x4j69Jer222v1JzrrKJNd6CSzi2WJtQtbPItYWt+T3gvL3MFDwnjLLfrU+J0NoX8ryFm5UYpA==", "article"=>{"title"=>"Sabrina and the Moon", "body"=>"She loved the Moon but he was so far, until one day they were together forever"}, "commit"=>"Create Article"}
  [1m[35m (0.6ms)[0m  [1m[36mbegin transaction[0m
  [1m[35mSQL (1.5ms)[0m  [1m[32mINSERT INTO "articles" ("title", "body", "created_at", "updated_at") VALUES (?, ?, ?, ?)[0m  [["title", "Sabrina and the Moon"], ["body", "She loved the Moon but he was so far, until one day they were together forever"], ["created_at", "2021-01-04 22:09:28.113099"], ["updated_at", "2021-01-04 22:09:28.113099"]]
  [1m[35m (6.8ms)[0m  [1m[36mcommit transaction[0m
Redirected to http://localhost:3000/articles/1
Completed 302 Found in 58ms (ActiveRecord: 9.0ms)


Started GET "/articles/1" for 127.0.0.1 at 2021-01-04 15:09:28 -0700
Processing by ArticlesController#show as HTML
  Parameters: {"id"=>"1"}
  [1m[36mArticle Load (0.9ms)[0m  [1m[34mSELECT  "articles".* FROM "articles" WHERE "articles"."id" = ? LIMIT ?[0m  [["id", 1], ["LIMIT", 1]]
  Rendering articles/show.html.erb within layouts/application
  Rendered articles/show.html.erb within layouts/application (0.8ms)
Completed 200 OK in 101ms (Views: 75.8ms | ActiveRecord: 0.9ms)


Started GET "/articles/1/edit" for 127.0.0.1 at 2021-01-04 15:09:33 -0700
Processing by ArticlesController#edit as HTML
  Parameters: {"id"=>"1"}
  [1m[36mArticle Load (0.4ms)[0m  [1m[34mSELECT  "articles".* FROM "articles" WHERE "articles"."id" = ? LIMIT ?[0m  [["id", 1], ["LIMIT", 1]]
  Rendering articles/edit.html.erb within layouts/application
  Rendered articles/_form.html.erb (7.1ms)
  Rendered articles/edit.html.erb within layouts/application (15.2ms)
Completed 200 OK in 97ms (Views: 84.6ms | ActiveRecord: 0.4ms)


Started PATCH "/articles/1" for 127.0.0.1 at 2021-01-04 15:09:36 -0700
Processing by ArticlesController#update as HTML
  Parameters: {"utf8"=>"✓", "authenticity_token"=>"p6abhtrAtQCAl0XNui4cuyVGqkFvajTGxIoeDVkIqTP5YxguH9XaKRiU51Od6H4zxELKvlNNVpXmpiDD+ivpDA==", "article"=>{"title"=>"Sabrina and the Moon", "body"=>"She loved the Moon but he was so far, until one day they were together forever"}, "commit"=>"Update Article", "id"=>"1"}
  [1m[36mArticle Load (0.5ms)[0m  [1m[34mSELECT  "articles".* FROM "articles" WHERE "articles"."id" = ? LIMIT ?[0m  [["id", 1], ["LIMIT", 1]]
  [1m[35m (0.1ms)[0m  [1m[36mbegin transaction[0m
  [1m[35m (0.0ms)[0m  [1m[36mcommit transaction[0m
Redirected to http://localhost:3000/articles/1
Completed 302 Found in 11ms (ActiveRecord: 0.6ms)


Started GET "/articles/1" for 127.0.0.1 at 2021-01-04 15:09:36 -0700
Processing by ArticlesController#show as HTML
  Parameters: {"id"=>"1"}
  [1m[36mArticle Load (0.2ms)[0m  [1m[34mSELECT  "articles".* FROM "articles" WHERE "articles"."id" = ? LIMIT ?[0m  [["id", 1], ["LIMIT", 1]]
  Rendering articles/show.html.erb within layouts/application
  Rendered articles/show.html.erb within layouts/application (0.5ms)
Completed 200 OK in 71ms (Views: 54.2ms | ActiveRecord: 0.2ms)


Started GET "/articles" for 127.0.0.1 at 2021-01-04 15:09:38 -0700
Processing by ArticlesController#index as HTML
  Rendering articles/index.html.erb within layouts/application
  [1m[36mArticle Load (0.5ms)[0m  [1m[34mSELECT "articles".* FROM "articles"[0m
  Rendered articles/index.html.erb within layouts/application (2.9ms)
Completed 200 OK in 69ms (Views: 61.9ms | ActiveRecord: 0.5ms)


Started DELETE "/articles/1" for 127.0.0.1 at 2021-01-04 15:09:45 -0700
Processing by ArticlesController#destroy as HTML
  Parameters: {"authenticity_token"=>"dBKb12/1hQ8XCthqoqPeU4J27ex7f/mEIcXxv+i1qocq1xh/quDqJo8JevSFZbzbY3KNE0dYm9cD6c9xS5bquA==", "id"=>"1"}
  [1m[36mArticle Load (0.2ms)[0m  [1m[34mSELECT  "articles".* FROM "articles" WHERE "articles"."id" = ? LIMIT ?[0m  [["id", 1], ["LIMIT", 1]]
  [1m[35m (0.1ms)[0m  [1m[36mbegin transaction[0m
  [1m[35mSQL (2.5ms)[0m  [1m[31mDELETE FROM "articles" WHERE "articles"."id" = ?[0m  [["id", 1]]
  [1m[35m (9.9ms)[0m  [1m[36mcommit transaction[0m
Redirected to http://localhost:3000/articles
Completed 302 Found in 45ms (ActiveRecord: 12.8ms)


Started GET "/articles" for 127.0.0.1 at 2021-01-04 15:09:45 -0700
Processing by ArticlesController#index as HTML
  Rendering articles/index.html.erb within layouts/application
  [1m[36mArticle Load (0.3ms)[0m  [1m[34mSELECT "articles".* FROM "articles"[0m
  Rendered articles/index.html.erb within layouts/application (2.3ms)
Completed 200 OK in 65ms (Views: 57.5ms | ActiveRecord: 0.3ms)


